# 1


D:\holiday\suck\Python\examples\project\JsonParse\src>python jsonParseDemo.py
please input JSONString:
Traceback (most recent call last):
  File "D:\holiday\suck\Python\examples\project\JsonParse\src\jsonParseDemo.py", line 18, in <module>
    parseConsoleInputJsonDataAndSave()
  File "D:\holiday\suck\Python\examples\project\JsonParse\src\jsonParseDemo.py", line 10, in parseConsoleInputJsonDataAndSave
    jsonDict = json.loads(jsonString)
  File "D:\application\Python\install\Python\Python310\lib\json\__init__.py", line 346, in loads
    return _default_decoder.decode(s)
  File "D:\application\Python\install\Python\Python310\lib\json\decoder.py", line 337, in decode
    obj, end = self.raw_decode(s, idx=_w(s, 0).end())
  File "D:\application\Python\install\Python\Python310\lib\json\decoder.py", line 355, in raw_decode
    raise JSONDecodeError("Expecting value", s, err.value) from None
json.decoder.JSONDecodeError: Expecting value: line 1 column 1 (char 0)

D:\holiday\suck\Python\examples\project\JsonParse\src>


# 2


D:\holiday\suck\Python\examples\project\JsonParse\src>python jsonParseDemo.py
please input JSONString: {type: "file", filepath:"D:\book\Python", value: 3}
Traceback (most recent call last):
  File "D:\holiday\suck\Python\examples\project\JsonParse\src\jsonParseDemo.py", line 18, in <module>
    parseConsoleInputJsonDataAndSave()
  File "D:\holiday\suck\Python\examples\project\JsonParse\src\jsonParseDemo.py", line 10, in parseConsoleInputJsonDataAndSave
    jsonDict = json.loads(jsonString)
  File "D:\application\Python\install\Python\Python310\lib\json\__init__.py", line 346, in loads
    return _default_decoder.decode(s)
  File "D:\application\Python\install\Python\Python310\lib\json\decoder.py", line 337, in decode
    obj, end = self.raw_decode(s, idx=_w(s, 0).end())
  File "D:\application\Python\install\Python\Python310\lib\json\decoder.py", line 353, in raw_decode
    obj, end = self.scan_once(s, idx)
json.decoder.JSONDecodeError: Expecting property name enclosed in double quotes: line 1 column 2 (char 1)

D:\holiday\suck\Python\examples\project\JsonParse\src>


# 3


D:\holiday\suck\Python\examples\project\JsonParse\src>python jsonParseDemo.py
please input JSONString: {"type": 'file', "filepath":'D:\book\Python', "value": 3}
Traceback (most recent call last):
  File "D:\holiday\suck\Python\examples\project\JsonParse\src\jsonParseDemo.py", line 18, in <module>
    parseConsoleInputJsonDataAndSave()
  File "D:\holiday\suck\Python\examples\project\JsonParse\src\jsonParseDemo.py", line 10, in parseConsoleInputJsonDataAndSave
    jsonDict = json.loads(jsonString)
  File "D:\application\Python\install\Python\Python310\lib\json\__init__.py", line 346, in loads
    return _default_decoder.decode(s)
  File "D:\application\Python\install\Python\Python310\lib\json\decoder.py", line 337, in decode
    obj, end = self.raw_decode(s, idx=_w(s, 0).end())
  File "D:\application\Python\install\Python\Python310\lib\json\decoder.py", line 355, in raw_decode
    raise JSONDecodeError("Expecting value", s, err.value) from None
json.decoder.JSONDecodeError: Expecting value: line 1 column 10 (char 9)

D:\holiday\suck\Python\examples\project\JsonParse\src>


# 4


D:\holiday\suck\Python\examples\project\JsonParse\src>python jsonParseDemo.py
please input JSONString: {"type": "file", "filepath":"D:\book\Python", "value": 3}
Traceback (most recent call last):
  File "D:\holiday\suck\Python\examples\project\JsonParse\src\jsonParseDemo.py", line 18, in <module>
    parseConsoleInputJsonDataAndSave()
  File "D:\holiday\suck\Python\examples\project\JsonParse\src\jsonParseDemo.py", line 10, in parseConsoleInputJsonDataAndSave
    jsonDict = json.loads(jsonString)
  File "D:\application\Python\install\Python\Python310\lib\json\__init__.py", line 346, in loads
    return _default_decoder.decode(s)
  File "D:\application\Python\install\Python\Python310\lib\json\decoder.py", line 337, in decode
    obj, end = self.raw_decode(s, idx=_w(s, 0).end())
  File "D:\application\Python\install\Python\Python310\lib\json\decoder.py", line 353, in raw_decode
    obj, end = self.scan_once(s, idx)
json.decoder.JSONDecodeError: Invalid \escape: line 1 column 37 (char 36)

D:\holiday\suck\Python\examples\project\JsonParse\src>